[debug] [2021-05-21T11:50:06.118Z] ----------------------------------------------------------------------
[debug] [2021-05-21T11:50:06.120Z] Command:       /home/aryaman/.nvm/versions/node/v14.17.0/bin/node /home/aryaman/.nvm/versions/node/v14.17.0/bin/firebase deploy --only functions
[debug] [2021-05-21T11:50:06.120Z] CLI Version:   9.11.0
[debug] [2021-05-21T11:50:06.120Z] Platform:      linux
[debug] [2021-05-21T11:50:06.120Z] Node Version:  v14.17.0
[debug] [2021-05-21T11:50:06.125Z] Time:          Fri May 21 2021 17:20:06 GMT+0530 (India Standard Time)
[debug] [2021-05-21T11:50:06.125Z] ----------------------------------------------------------------------
[debug] 
[debug] [2021-05-21T11:50:06.132Z] > command requires scopes: ["email","openid","https://www.googleapis.com/auth/cloudplatformprojects.readonly","https://www.googleapis.com/auth/firebase","https://www.googleapis.com/auth/cloud-platform"]
[debug] [2021-05-21T11:50:06.132Z] > authorizing via signed-in user (1761ary@gmail.com)
[debug] [2021-05-21T11:50:06.132Z] [iam] checking project av-mailer-396d7 for permissions ["cloudfunctions.functions.create","cloudfunctions.functions.delete","cloudfunctions.functions.get","cloudfunctions.functions.list","cloudfunctions.functions.update","cloudfunctions.operations.get","firebase.projects.get"]
[debug] [2021-05-21T11:50:06.134Z] > refreshing access token with scopes: ["email","https://www.googleapis.com/auth/cloud-platform","https://www.googleapis.com/auth/cloudplatformprojects.readonly","https://www.googleapis.com/auth/firebase","openid"]
[debug] [2021-05-21T11:50:06.134Z] >>> HTTP REQUEST POST https://www.googleapis.com/oauth2/v3/token  
 <request body omitted>
[debug] [2021-05-21T11:50:06.441Z] <<< HTTP RESPONSE 200 {"date":"Fri, 21 May 2021 11:50:04 GMT","expires":"Mon, 01 Jan 1990 00:00:00 GMT","cache-control":"no-cache, no-store, max-age=0, must-revalidate","pragma":"no-cache","content-type":"application/json; charset=utf-8","vary":"X-Origin, Referer, Origin,Accept-Encoding","server":"scaffolding on HTTPServer2","x-xss-protection":"0","x-frame-options":"SAMEORIGIN","x-content-type-options":"nosniff","alt-svc":"h3-29=\":443\"; ma=2592000,h3-T051=\":443\"; ma=2592000,h3-Q050=\":443\"; ma=2592000,h3-Q046=\":443\"; ma=2592000,h3-Q043=\":443\"; ma=2592000,quic=\":443\"; ma=2592000; v=\"46,43\"","accept-ranges":"none","transfer-encoding":"chunked"}
[debug] [2021-05-21T11:50:06.457Z] >>> HTTP REQUEST POST https://cloudresourcemanager.googleapis.com/v1/projects/av-mailer-396d7:testIamPermissions  
 {"permissions":["cloudfunctions.functions.create","cloudfunctions.functions.delete","cloudfunctions.functions.get","cloudfunctions.functions.list","cloudfunctions.functions.update","cloudfunctions.operations.get","firebase.projects.get"]}
[debug] [2021-05-21T11:50:07.818Z] <<< HTTP RESPONSE 200 {"content-type":"application/json; charset=UTF-8","vary":"X-Origin, Referer, Origin,Accept-Encoding","date":"Fri, 21 May 2021 11:50:05 GMT","server":"ESF","cache-control":"private","x-xss-protection":"0","x-frame-options":"SAMEORIGIN","x-content-type-options":"nosniff","server-timing":"gfet4t7; dur=1139","alt-svc":"h3-29=\":443\"; ma=2592000,h3-T051=\":443\"; ma=2592000,h3-Q050=\":443\"; ma=2592000,h3-Q046=\":443\"; ma=2592000,h3-Q043=\":443\"; ma=2592000,quic=\":443\"; ma=2592000; v=\"46,43\"","accept-ranges":"none","transfer-encoding":"chunked"}
[debug] [2021-05-21T11:50:07.820Z] >>> HTTP REQUEST POST https://iam.googleapis.com/v1/projects/av-mailer-396d7/serviceAccounts/av-mailer-396d7@appspot.gserviceaccount.com:testIamPermissions  
 {"permissions":["iam.serviceAccounts.actAs"]}
[debug] [2021-05-21T11:50:09.630Z] <<< HTTP RESPONSE 200 {"content-type":"application/json; charset=UTF-8","vary":"X-Origin, Referer, Origin,Accept-Encoding","date":"Fri, 21 May 2021 11:50:07 GMT","server":"ESF","cache-control":"private","x-xss-protection":"0","x-frame-options":"SAMEORIGIN","x-content-type-options":"nosniff","alt-svc":"h3-29=\":443\"; ma=2592000,h3-T051=\":443\"; ma=2592000,h3-Q050=\":443\"; ma=2592000,h3-Q046=\":443\"; ma=2592000,h3-Q043=\":443\"; ma=2592000,quic=\":443\"; ma=2592000; v=\"46,43\"","accept-ranges":"none","transfer-encoding":"chunked"}
[info] 
[info] === Deploying to 'av-mailer-396d7'...
[info] 
[info] i  deploying functions 
[info] Running command: npm --prefix "$RESOURCE_DIR" run build
[info] ✔  functions: Finished running predeploy script. 
[info] i  functions: ensuring required API cloudfunctions.googleapis.com is enabled... 
[info] i  functions: ensuring required API cloudbuild.googleapis.com is enabled... 
[debug] [2021-05-21T11:50:26.915Z] >>> HTTP REQUEST GET https://serviceusage.googleapis.com/v1/projects/av-mailer-396d7/services/cloudfunctions.googleapis.com  
 
[debug] [2021-05-21T11:50:26.915Z] >>> HTTP REQUEST GET https://serviceusage.googleapis.com/v1/projects/av-mailer-396d7/services/runtimeconfig.googleapis.com  
 
[debug] [2021-05-21T11:50:26.916Z] >>> HTTP REQUEST GET https://serviceusage.googleapis.com/v1/projects/av-mailer-396d7/services/cloudbuild.googleapis.com  
 
[debug] [2021-05-21T11:50:28.861Z] <<< HTTP RESPONSE 200 {"content-type":"application/json; charset=UTF-8","vary":"X-Origin, Referer, Origin,Accept-Encoding","date":"Fri, 21 May 2021 11:50:26 GMT","server":"ESF","cache-control":"private","x-xss-protection":"0","x-frame-options":"SAMEORIGIN","x-content-type-options":"nosniff","alt-svc":"h3-29=\":443\"; ma=2592000,h3-T051=\":443\"; ma=2592000,h3-Q050=\":443\"; ma=2592000,h3-Q046=\":443\"; ma=2592000,h3-Q043=\":443\"; ma=2592000,quic=\":443\"; ma=2592000; v=\"46,43\"","accept-ranges":"none","transfer-encoding":"chunked"}
[debug] [2021-05-21T11:50:28.899Z] <<< HTTP RESPONSE 200 {"content-type":"application/json; charset=UTF-8","vary":"X-Origin, Referer, Origin,Accept-Encoding","date":"Fri, 21 May 2021 11:50:26 GMT","server":"ESF","cache-control":"private","x-xss-protection":"0","x-frame-options":"SAMEORIGIN","x-content-type-options":"nosniff","alt-svc":"h3-29=\":443\"; ma=2592000,h3-T051=\":443\"; ma=2592000,h3-Q050=\":443\"; ma=2592000,h3-Q046=\":443\"; ma=2592000,h3-Q043=\":443\"; ma=2592000,quic=\":443\"; ma=2592000; v=\"46,43\"","accept-ranges":"none","transfer-encoding":"chunked"}
[info] ✔  functions: required API cloudbuild.googleapis.com is enabled 
[debug] [2021-05-21T11:50:28.918Z] <<< HTTP RESPONSE 200 {"content-type":"application/json; charset=UTF-8","vary":"X-Origin, Referer, Origin,Accept-Encoding","date":"Fri, 21 May 2021 11:50:26 GMT","server":"ESF","cache-control":"private","x-xss-protection":"0","x-frame-options":"SAMEORIGIN","x-content-type-options":"nosniff","alt-svc":"h3-29=\":443\"; ma=2592000,h3-T051=\":443\"; ma=2592000,h3-Q050=\":443\"; ma=2592000,h3-Q046=\":443\"; ma=2592000,h3-Q043=\":443\"; ma=2592000,quic=\":443\"; ma=2592000; v=\"46,43\"","accept-ranges":"none","transfer-encoding":"chunked"}
[info] ✔  functions: required API cloudfunctions.googleapis.com is enabled 
[debug] [2021-05-21T11:50:28.919Z] >>> HTTP REQUEST GET https://firebase.googleapis.com/v1beta1/projects/av-mailer-396d7/adminSdkConfig  
 
[debug] [2021-05-21T11:50:29.639Z] <<< HTTP RESPONSE 200 {"content-type":"application/json; charset=UTF-8","vary":"X-Origin, Referer, Origin,Accept-Encoding","date":"Fri, 21 May 2021 11:50:27 GMT","server":"ESF","cache-control":"private","x-xss-protection":"0","x-frame-options":"SAMEORIGIN","x-content-type-options":"nosniff","alt-svc":"h3-29=\":443\"; ma=2592000,h3-T051=\":443\"; ma=2592000,h3-Q050=\":443\"; ma=2592000,h3-Q046=\":443\"; ma=2592000,h3-Q043=\":443\"; ma=2592000,quic=\":443\"; ma=2592000; v=\"46,43\"","accept-ranges":"none","transfer-encoding":"chunked"}
[info] i  functions: preparing functions directory for uploading... 
[debug] [2021-05-21T11:50:29.644Z] >>> HTTP REQUEST GET https://runtimeconfig.googleapis.com/v1beta1/projects/av-mailer-396d7/configs  
 
[debug] [2021-05-21T11:50:30.399Z] <<< HTTP RESPONSE 200 {"content-type":"application/json; charset=UTF-8","vary":"X-Origin, Referer, Origin,Accept-Encoding","date":"Fri, 21 May 2021 11:50:28 GMT","server":"ESF","cache-control":"private","x-xss-protection":"0","x-frame-options":"SAMEORIGIN","x-content-type-options":"nosniff","alt-svc":"h3-29=\":443\"; ma=2592000,h3-T051=\":443\"; ma=2592000,h3-Q050=\":443\"; ma=2592000,h3-Q046=\":443\"; ma=2592000,h3-Q043=\":443\"; ma=2592000,quic=\":443\"; ma=2592000; v=\"46,43\"","accept-ranges":"none","transfer-encoding":"chunked"}
[info] i  functions: packaged functions (120.83 KB) for uploading 
[info] i  scheduler: ensuring required API cloudscheduler.googleapis.com is enabled... 
[info] i  pubsub: ensuring required API pubsub.googleapis.com is enabled... 
[debug] [2021-05-21T11:50:31.894Z] >>> HTTP REQUEST GET https://serviceusage.googleapis.com/v1/projects/av-mailer-396d7/services/cloudscheduler.googleapis.com  
 
[debug] [2021-05-21T11:50:31.895Z] >>> HTTP REQUEST GET https://serviceusage.googleapis.com/v1/projects/av-mailer-396d7/services/pubsub.googleapis.com  
 
[debug] [2021-05-21T11:50:33.552Z] <<< HTTP RESPONSE 200 {"content-type":"application/json; charset=UTF-8","vary":"X-Origin, Referer, Origin,Accept-Encoding","date":"Fri, 21 May 2021 11:50:31 GMT","server":"ESF","cache-control":"private","x-xss-protection":"0","x-frame-options":"SAMEORIGIN","x-content-type-options":"nosniff","alt-svc":"h3-29=\":443\"; ma=2592000,h3-T051=\":443\"; ma=2592000,h3-Q050=\":443\"; ma=2592000,h3-Q046=\":443\"; ma=2592000,h3-Q043=\":443\"; ma=2592000,quic=\":443\"; ma=2592000; v=\"46,43\"","accept-ranges":"none","transfer-encoding":"chunked"}
[info] ✔  scheduler: required API cloudscheduler.googleapis.com is enabled 
[debug] [2021-05-21T11:50:33.655Z] <<< HTTP RESPONSE 200 {"content-type":"application/json; charset=UTF-8","vary":"X-Origin, Referer, Origin,Accept-Encoding","date":"Fri, 21 May 2021 11:50:31 GMT","server":"ESF","cache-control":"private","x-xss-protection":"0","x-frame-options":"SAMEORIGIN","x-content-type-options":"nosniff","alt-svc":"h3-29=\":443\"; ma=2592000,h3-T051=\":443\"; ma=2592000,h3-Q050=\":443\"; ma=2592000,h3-Q046=\":443\"; ma=2592000,h3-Q043=\":443\"; ma=2592000,quic=\":443\"; ma=2592000; v=\"46,43\"","accept-ranges":"none","transfer-encoding":"chunked"}
[info] ✔  pubsub: required API pubsub.googleapis.com is enabled 
[debug] [2021-05-21T11:50:33.656Z] > [functions] package.json contents: {
  "name": "functions",
  "scripts": {
    "build": "tsc",
    "serve": "npm run build && firebase emulators:start --only functions",
    "shell": "npm run build && firebase functions:shell",
    "start": "npm run shell",
    "deploy": "firebase deploy --only functions",
    "logs": "firebase functions:log"
  },
  "engines": {
    "node": "12"
  },
  "main": "lib/index.js",
  "dependencies": {
    "firebase-admin": "^9.2.0",
    "firebase-functions": "^3.11.0",
    "cors": "^2.8.5",
    "crypto-js": "^4.0.0",
    "dotenv": "^8.2.0",
    "exceljs": "^4.2.1",
    "express": "^4.17.1",
    "googleapis": "^72.0.0",
    "handlebars": "^4.7.7",
    "joi": "^17.4.0",
    "juice": "^7.0.0",
    "lodash.chunk": "^4.2.0",
    "lodash.isequal": "^4.5.0",
    "lodash.pick": "^4.4.0",
    "multer": "^1.4.2",
    "nodemailer": "^6.5.0",
    "uuid": "^8.3.2"
  },
  "devDependencies": {
    "@types/cors": "^2.8.10",
    "@types/crypto-js": "^4.0.1",
    "@types/express": "^4.17.11",
    "@types/lodash.chunk": "^4.2.6",
    "@types/lodash.isequal": "^4.5.5",
    "@types/lodash.pick": "^4.4.6",
    "@types/multer": "^1.4.5",
    "@types/nodemailer": "^6.4.1",
    "@types/uuid": "^8.3.0",
    "prettier": "^2.2.1",
    "typescript": "^3.8.0",
    "firebase-functions-test": "^0.2.0"
  },
  "private": true
}
[debug] [2021-05-21T11:50:33.657Z] >>> HTTP REQUEST GET https://cloudfunctions.googleapis.com/v1/projects/av-mailer-396d7/locations/-/functions  
 
[debug] [2021-05-21T11:50:34.573Z] <<< HTTP RESPONSE 200 {"content-type":"application/json; charset=UTF-8","vary":"X-Origin, Referer, Origin,Accept-Encoding","date":"Fri, 21 May 2021 11:50:32 GMT","server":"ESF","cache-control":"private","x-xss-protection":"0","x-frame-options":"SAMEORIGIN","x-content-type-options":"nosniff","alt-svc":"h3-29=\":443\"; ma=2592000,h3-T051=\":443\"; ma=2592000,h3-Q050=\":443\"; ma=2592000,h3-Q046=\":443\"; ma=2592000,h3-Q043=\":443\"; ma=2592000,quic=\":443\"; ma=2592000; v=\"46,43\"","accept-ranges":"none","transfer-encoding":"chunked"}
[debug] [2021-05-21T11:50:34.574Z] >>> HTTP REQUEST POST https://cloudfunctions.googleapis.com/v1/projects/av-mailer-396d7/locations/us-central1/functions:generateUploadUrl  
 
[debug] [2021-05-21T11:50:35.641Z] <<< HTTP RESPONSE 200 {"content-type":"application/json; charset=UTF-8","vary":"X-Origin, Referer, Origin,Accept-Encoding","date":"Fri, 21 May 2021 11:50:33 GMT","server":"ESF","cache-control":"private","x-xss-protection":"0","x-frame-options":"SAMEORIGIN","x-content-type-options":"nosniff","alt-svc":"h3-29=\":443\"; ma=2592000,h3-T051=\":443\"; ma=2592000,h3-Q050=\":443\"; ma=2592000,h3-Q046=\":443\"; ma=2592000,h3-Q043=\":443\"; ma=2592000,quic=\":443\"; ma=2592000; v=\"46,43\"","accept-ranges":"none","transfer-encoding":"chunked"}
[debug] [2021-05-21T11:50:35.642Z] >>> HTTP REQUEST PUT https://storage.googleapis.com/gcf-upload-us-central1-f7f64719-f715-4c0e-b89a-7a9bdcb91e27/78a5d271-660c-4b94-85d9-65723ab43c52.zip?GoogleAccessId=service-76344468913@gcf-admin-robot.iam.gserviceaccount.com&Expires=1621599633&Signature=dT2XLxLsRBtKRoQ1p6ysCb%2F%2BPz%2BMtMbXHgBRlib%2F3ptQbyYo5e6Km90%2FPs3q9Lgbjag2Fi10dHy7Y6BeIY2VFMqQkiaoE%2BphkQujSZD84jFmBBQWoZseTuGo%2BHmj5Qtl1zjc6F%2F7g4%2BasvQ%2BJQ0kKnwAnRITKNhQBIkMNyCyof5%2BdLpaiyPREnsnVSx%2FZxugz2bPgus7YqnazzWCuINjvq2ASTXw1GJCnCNi42DCutwRp0%2BuqlKtjbR0vuEbRo98%2FK7bTYTK1tVIdFRknTqQm4bpPW2b%2BIvzm%2Fch9ZuYXg3ffBb4g78okXEKn7r%2FV47Q63S7Xn7mgqqquthoyNZvfw%3D%3D  
 <request body omitted>
[debug] [2021-05-21T11:50:36.737Z] <<< HTTP RESPONSE 200 {"x-guploader-uploadid":"ABg5-Uy3ayl7_xi2GFipAG-OJciaF-KsWns1ZaDMDZMorsZOlPhVWmDdtFvJazTSGIz-TdU5csDbzfHIgLMHZWTd4k8","etag":"\"b6dab7fbfc8562c14e4ea73e6c48e68a\"","x-goog-generation":"1621597834713542","x-goog-metageneration":"1","x-goog-hash":"crc32c=hFzIKg==, md5=ttq3+/yFYsFOTqc+bEjmig==","x-goog-stored-content-length":"123730","x-goog-stored-content-encoding":"identity","vary":"Origin","content-length":"0","date":"Fri, 21 May 2021 11:50:34 GMT","server":"UploadServer","content-type":"text/html; charset=UTF-8","alt-svc":"h3-29=\":443\"; ma=2592000,h3-T051=\":443\"; ma=2592000,h3-Q050=\":443\"; ma=2592000,h3-Q046=\":443\"; ma=2592000,h3-Q043=\":443\"; ma=2592000,quic=\":443\"; ma=2592000; v=\"46,43\""}
[info] ✔  functions: functions folder uploaded successfully 
[info] 
The following functions are found in your project but do not exist in your local source code:
	api(asia-east2)

If you are renaming a function or changing its region, it is recommended that you create the new function first before deleting the old one to prevent event loss. For more info, visit https://firebase.google.com/docs/functions/manage-functions#modify

[info] i  functions: deleting function api(asia-east2)... 
[info] i  functions: updating Node.js 12 function sendMails(asia-east2)... 
[debug] [2021-05-21T11:51:54.458Z] >>> HTTP REQUEST DELETE https://cloudfunctions.googleapis.com/v1/projects/av-mailer-396d7/locations/asia-east2/functions/api  
 
[debug] [2021-05-21T11:51:54.459Z] >>> HTTP REQUEST PATCH https://cloudfunctions.googleapis.com/v1/projects/av-mailer-396d7/locations/asia-east2/functions/sendMails {"updateMask":"sourceUploadUrl,name,labels,runtime,environmentVariables,eventTrigger.resource,eventTrigger.eventType,eventTrigger.service,eventTrigger.failurePolicy"} 
 {"sourceUploadUrl":"https://storage.googleapis.com/gcf-upload-us-central1-f7f64719-f715-4c0e-b89a-7a9bdcb91e27/78a5d271-660c-4b94-85d9-65723ab43c52.zip?GoogleAccessId=service-76344468913@gcf-admin-robot.iam.gserviceaccount.com&Expires=1621599633&Signature=dT2XLxLsRBtKRoQ1p6ysCb%2F%2BPz%2BMtMbXHgBRlib%2F3ptQbyYo5e6Km90%2FPs3q9Lgbjag2Fi10dHy7Y6BeIY2VFMqQkiaoE%2BphkQujSZD84jFmBBQWoZseTuGo%2BHmj5Qtl1zjc6F%2F7g4%2BasvQ%2BJQ0kKnwAnRITKNhQBIkMNyCyof5%2BdLpaiyPREnsnVSx%2FZxugz2bPgus7YqnazzWCuINjvq2ASTXw1GJCnCNi42DCutwRp0%2BuqlKtjbR0vuEbRo98%2FK7bTYTK1tVIdFRknTqQm4bpPW2b%2BIvzm%2Fch9ZuYXg3ffBb4g78okXEKn7r%2FV47Q63S7Xn7mgqqquthoyNZvfw%3D%3D","name":"projects/av-mailer-396d7/locations/asia-east2/functions/sendMails","labels":{"deployment-tool":"cli-firebase","deployment-scheduled":"true"},"eventTrigger":{"resource":"projects/av-mailer-396d7/topics/firebase-schedule-sendMails-asia-east2","eventType":"google.pubsub.topic.publish","service":"pubsub.googleapis.com"},"runtime":"nodejs12","environmentVariables":{"FIREBASE_CONFIG":"{\"projectId\":\"av-mailer-396d7\",\"storageBucket\":\"av-mailer-396d7.appspot.com\",\"locationId\":\"asia-south1\"}"}}
[debug] [2021-05-21T11:51:54.460Z] >>> HTTP REQUEST GET https://cloudscheduler.googleapis.com/v1beta1/projects/av-mailer-396d7/locations/asia-south1/jobs/firebase-schedule-sendMails-asia-east2  
 
[debug] [2021-05-21T11:51:55.000Z] <<< HTTP RESPONSE 200 {"content-type":"application/json; charset=UTF-8","vary":"X-Origin, Referer, Origin,Accept-Encoding","date":"Fri, 21 May 2021 11:51:53 GMT","server":"ESF","cache-control":"private","x-xss-protection":"0","x-frame-options":"SAMEORIGIN","x-content-type-options":"nosniff","alt-svc":"h3-29=\":443\"; ma=2592000,h3-T051=\":443\"; ma=2592000,h3-Q050=\":443\"; ma=2592000,h3-Q046=\":443\"; ma=2592000,h3-Q043=\":443\"; ma=2592000,quic=\":443\"; ma=2592000; v=\"46,43\"","accept-ranges":"none","transfer-encoding":"chunked"}
[info] i  functions: scheduler job firebase-schedule-sendMails-asia-east2 is up to date, no changes required 
[info] ✔  functions[sendMails(asia-east2)]: Successful upsert schedule operation.  
[debug] [2021-05-21T11:51:55.173Z] <<< HTTP RESPONSE 200 {"content-type":"application/json; charset=UTF-8","vary":"X-Origin, Referer, Origin,Accept-Encoding","date":"Fri, 21 May 2021 11:51:53 GMT","server":"ESF","cache-control":"private","x-xss-protection":"0","x-frame-options":"SAMEORIGIN","x-content-type-options":"nosniff","alt-svc":"h3-29=\":443\"; ma=2592000,h3-T051=\":443\"; ma=2592000,h3-Q050=\":443\"; ma=2592000,h3-Q046=\":443\"; ma=2592000,h3-Q043=\":443\"; ma=2592000,quic=\":443\"; ma=2592000; v=\"46,43\"","accept-ranges":"none","transfer-encoding":"chunked"}
[debug] [2021-05-21T11:51:55.177Z] > refreshing access token with scopes: []
[debug] [2021-05-21T11:51:55.177Z] >>> HTTP REQUEST POST https://www.googleapis.com/oauth2/v3/token  
 <request body omitted>
[debug] [2021-05-21T11:51:55.405Z] <<< HTTP RESPONSE 200 {"date":"Fri, 21 May 2021 11:51:53 GMT","pragma":"no-cache","cache-control":"no-cache, no-store, max-age=0, must-revalidate","expires":"Mon, 01 Jan 1990 00:00:00 GMT","content-type":"application/json; charset=utf-8","vary":"X-Origin, Referer, Origin,Accept-Encoding","server":"scaffolding on HTTPServer2","x-xss-protection":"0","x-frame-options":"SAMEORIGIN","x-content-type-options":"nosniff","alt-svc":"h3-29=\":443\"; ma=2592000,h3-T051=\":443\"; ma=2592000,h3-Q050=\":443\"; ma=2592000,h3-Q046=\":443\"; ma=2592000,h3-Q043=\":443\"; ma=2592000,quic=\":443\"; ma=2592000; v=\"46,43\"","accept-ranges":"none","transfer-encoding":"chunked"}
[debug] [2021-05-21T11:51:55.432Z] >>> [apiv2][query] GET https://cloudfunctions.googleapis.com/v1/operations/YXYtbWFpbGVyLTM5NmQ3L2FzaWEtZWFzdDIvYXBpLzYxM3NDaTFlUWVV [none]
[debug] [2021-05-21T11:51:55.842Z] <<< [apiv2][status] GET https://cloudfunctions.googleapis.com/v1/operations/YXYtbWFpbGVyLTM5NmQ3L2FzaWEtZWFzdDIvYXBpLzYxM3NDaTFlUWVV 200
[debug] [2021-05-21T11:51:55.843Z] <<< [apiv2][body] GET https://cloudfunctions.googleapis.com/v1/operations/YXYtbWFpbGVyLTM5NmQ3L2FzaWEtZWFzdDIvYXBpLzYxM3NDaTFlUWVV {"name":"operations/YXYtbWFpbGVyLTM5NmQ3L2FzaWEtZWFzdDIvYXBpLzYxM3NDaTFlUWVV","metadata":{"@type":"type.googleapis.com/google.cloud.functions.v1.OperationMetadataV1","target":"projects/av-mailer-396d7/locations/asia-east2/functions/api","type":"DELETE_FUNCTION","request":{"@type":"type.googleapis.com/google.protobuf.Empty"},"updateTime":"2021-05-21T11:51:53Z"}}
[debug] [2021-05-21T11:51:55.863Z] <<< HTTP RESPONSE 200 {"content-type":"application/json; charset=UTF-8","vary":"X-Origin, Referer, Origin,Accept-Encoding","date":"Fri, 21 May 2021 11:51:53 GMT","server":"ESF","cache-control":"private","x-xss-protection":"0","x-frame-options":"SAMEORIGIN","x-content-type-options":"nosniff","alt-svc":"h3-29=\":443\"; ma=2592000,h3-T051=\":443\"; ma=2592000,h3-Q050=\":443\"; ma=2592000,h3-Q046=\":443\"; ma=2592000,h3-Q043=\":443\"; ma=2592000,quic=\":443\"; ma=2592000; v=\"46,43\"","accept-ranges":"none","transfer-encoding":"chunked"}
[debug] [2021-05-21T11:51:55.863Z] >>> [apiv2][query] GET https://cloudfunctions.googleapis.com/v1/operations/YXYtbWFpbGVyLTM5NmQ3L2FzaWEtZWFzdDIvc2VuZE1haWxzL2liYVBYb1F1UjZj [none]
[debug] [2021-05-21T11:51:56.334Z] <<< [apiv2][status] GET https://cloudfunctions.googleapis.com/v1/operations/YXYtbWFpbGVyLTM5NmQ3L2FzaWEtZWFzdDIvc2VuZE1haWxzL2liYVBYb1F1UjZj 200
[debug] [2021-05-21T11:51:56.335Z] <<< [apiv2][body] GET https://cloudfunctions.googleapis.com/v1/operations/YXYtbWFpbGVyLTM5NmQ3L2FzaWEtZWFzdDIvc2VuZE1haWxzL2liYVBYb1F1UjZj {"name":"operations/YXYtbWFpbGVyLTM5NmQ3L2FzaWEtZWFzdDIvc2VuZE1haWxzL2liYVBYb1F1UjZj","metadata":{"@type":"type.googleapis.com/google.cloud.functions.v1.OperationMetadataV1","target":"projects/av-mailer-396d7/locations/asia-east2/functions/sendMails","type":"UPDATE_FUNCTION","request":{"@type":"type.googleapis.com/google.cloud.functions.v1.CloudFunction","name":"projects/av-mailer-396d7/locations/asia-east2/functions/sendMails","eventTrigger":{"eventType":"google.pubsub.topic.publish","resource":"projects/av-mailer-396d7/topics/firebase-schedule-sendMails-asia-east2","service":"pubsub.googleapis.com"},"status":"ACTIVE","entryPoint":"sendMails","timeout":"300s","availableMemoryMb":256,"serviceAccountEmail":"av-mailer-396d7@appspot.gserviceaccount.com","updateTime":"2021-05-21T10:56:54.840Z","versionId":"3","labels":{"deployment-tool":"cli-firebase","deployment-scheduled":"true"},"sourceUploadUrl":"https://storage.googleapis.com/gcf-upload-us-central1-f7f64719-f715-4c0e-b89a-7a9bdcb91e27/78a5d271-660c-4b94-85d9-65723ab43c52.zip?GoogleAccessId=service-76344468913@gcf-admin-robot.iam.gserviceaccount.com&Expires=1621599633&Signature=dT2XLxLsRBtKRoQ1p6ysCb%2F%2BPz%2BMtMbXHgBRlib%2F3ptQbyYo5e6Km90%2FPs3q9Lgbjag2Fi10dHy7Y6BeIY2VFMqQkiaoE%2BphkQujSZD84jFmBBQWoZseTuGo%2BHmj5Qtl1zjc6F%2F7g4%2BasvQ%2BJQ0kKnwAnRITKNhQBIkMNyCyof5%2BdLpaiyPREnsnVSx%2FZxugz2bPgus7YqnazzWCuINjvq2ASTXw1GJCnCNi42DCutwRp0%2BuqlKtjbR0vuEbRo98%2FK7bTYTK1tVIdFRknTqQm4bpPW2b%2BIvzm%2Fch9ZuYXg3ffBb4g78okXEKn7r%2FV47Q63S7Xn7mgqqquthoyNZvfw%3D%3D","environmentVariables":{"FIREBASE_CONFIG":"{\"projectId\":\"av-mailer-396d7\",\"storageBucket\":\"av-mailer-396d7.appspot.com\",\"locationId\":\"asia-south1\"}"},"runtime":"nodejs12","ingressSettings":"ALLOW_ALL","buildId":"0118718d-e27d-4d77-bb5f-db1fd52a45a7"},"versionId":"4","updateTime":"2021-05-21T11:51:53Z","buildName":"projects/76344468913/locations/asia-east1/builds/0118718d-e27d-4d77-bb5f-db1fd52a45a7"}}
[debug] [2021-05-21T11:51:56.344Z] [delete-projects/av-mailer-396d7/locations/asia-east2/functions/api] Retrying task index 0
[debug] [2021-05-21T11:51:56.345Z] >>> [apiv2][query] GET https://cloudfunctions.googleapis.com/v1/operations/YXYtbWFpbGVyLTM5NmQ3L2FzaWEtZWFzdDIvYXBpLzYxM3NDaTFlUWVV [none]
[debug] [2021-05-21T11:51:56.777Z] <<< [apiv2][status] GET https://cloudfunctions.googleapis.com/v1/operations/YXYtbWFpbGVyLTM5NmQ3L2FzaWEtZWFzdDIvYXBpLzYxM3NDaTFlUWVV 200
[debug] [2021-05-21T11:51:56.778Z] <<< [apiv2][body] GET https://cloudfunctions.googleapis.com/v1/operations/YXYtbWFpbGVyLTM5NmQ3L2FzaWEtZWFzdDIvYXBpLzYxM3NDaTFlUWVV {"name":"operations/YXYtbWFpbGVyLTM5NmQ3L2FzaWEtZWFzdDIvYXBpLzYxM3NDaTFlUWVV","metadata":{"@type":"type.googleapis.com/google.cloud.functions.v1.OperationMetadataV1","target":"projects/av-mailer-396d7/locations/asia-east2/functions/api","type":"DELETE_FUNCTION","request":{"@type":"type.googleapis.com/google.protobuf.Empty"},"updateTime":"2021-05-21T11:51:54Z"}}
[debug] [2021-05-21T11:51:56.836Z] [update-projects/av-mailer-396d7/locations/asia-east2/functions/sendMails] Retrying task index 0
[debug] [2021-05-21T11:51:56.837Z] >>> [apiv2][query] GET https://cloudfunctions.googleapis.com/v1/operations/YXYtbWFpbGVyLTM5NmQ3L2FzaWEtZWFzdDIvc2VuZE1haWxzL2liYVBYb1F1UjZj [none]
[debug] [2021-05-21T11:51:57.354Z] <<< [apiv2][status] GET https://cloudfunctions.googleapis.com/v1/operations/YXYtbWFpbGVyLTM5NmQ3L2FzaWEtZWFzdDIvc2VuZE1haWxzL2liYVBYb1F1UjZj 200
[debug] [2021-05-21T11:51:57.354Z] <<< [apiv2][body] GET https://cloudfunctions.googleapis.com/v1/operations/YXYtbWFpbGVyLTM5NmQ3L2FzaWEtZWFzdDIvc2VuZE1haWxzL2liYVBYb1F1UjZj {"name":"operations/YXYtbWFpbGVyLTM5NmQ3L2FzaWEtZWFzdDIvc2VuZE1haWxzL2liYVBYb1F1UjZj","metadata":{"@type":"type.googleapis.com/google.cloud.functions.v1.OperationMetadataV1","target":"projects/av-mailer-396d7/locations/asia-east2/functions/sendMails","type":"UPDATE_FUNCTION","request":{"@type":"type.googleapis.com/google.cloud.functions.v1.CloudFunction","name":"projects/av-mailer-396d7/locations/asia-east2/functions/sendMails","eventTrigger":{"eventType":"google.pubsub.topic.publish","resource":"projects/av-mailer-396d7/topics/firebase-schedule-sendMails-asia-east2","service":"pubsub.googleapis.com"},"status":"ACTIVE","entryPoint":"sendMails","timeout":"300s","availableMemoryMb":256,"serviceAccountEmail":"av-mailer-396d7@appspot.gserviceaccount.com","updateTime":"2021-05-21T10:56:54.840Z","versionId":"3","labels":{"deployment-tool":"cli-firebase","deployment-scheduled":"true"},"sourceUploadUrl":"https://storage.googleapis.com/gcf-upload-us-central1-f7f64719-f715-4c0e-b89a-7a9bdcb91e27/78a5d271-660c-4b94-85d9-65723ab43c52.zip?GoogleAccessId=service-76344468913@gcf-admin-robot.iam.gserviceaccount.com&Expires=1621599633&Signature=dT2XLxLsRBtKRoQ1p6ysCb%2F%2BPz%2BMtMbXHgBRlib%2F3ptQbyYo5e6Km90%2FPs3q9Lgbjag2Fi10dHy7Y6BeIY2VFMqQkiaoE%2BphkQujSZD84jFmBBQWoZseTuGo%2BHmj5Qtl1zjc6F%2F7g4%2BasvQ%2BJQ0kKnwAnRITKNhQBIkMNyCyof5%2BdLpaiyPREnsnVSx%2FZxugz2bPgus7YqnazzWCuINjvq2ASTXw1GJCnCNi42DCutwRp0%2BuqlKtjbR0vuEbRo98%2FK7bTYTK1tVIdFRknTqQm4bpPW2b%2BIvzm%2Fch9ZuYXg3ffBb4g78okXEKn7r%2FV47Q63S7Xn7mgqqquthoyNZvfw%3D%3D","environmentVariables":{"FIREBASE_CONFIG":"{\"projectId\":\"av-mailer-396d7\",\"storageBucket\":\"av-mailer-396d7.appspot.com\",\"locationId\":\"asia-south1\"}"},"runtime":"nodejs12","ingressSettings":"ALLOW_ALL","buildId":"0118718d-e27d-4d77-bb5f-db1fd52a45a7"},"versionId":"4","updateTime":"2021-05-21T11:51:55Z","buildName":"projects/76344468913/locations/asia-east1/builds/0118718d-e27d-4d77-bb5f-db1fd52a45a7"}}
[debug] [2021-05-21T11:51:57.778Z] [delete-projects/av-mailer-396d7/locations/asia-east2/functions/api] Retrying task index 0
[debug] [2021-05-21T11:51:57.779Z] >>> [apiv2][query] GET https://cloudfunctions.googleapis.com/v1/operations/YXYtbWFpbGVyLTM5NmQ3L2FzaWEtZWFzdDIvYXBpLzYxM3NDaTFlUWVV [none]
[debug] [2021-05-21T11:51:58.217Z] <<< [apiv2][status] GET https://cloudfunctions.googleapis.com/v1/operations/YXYtbWFpbGVyLTM5NmQ3L2FzaWEtZWFzdDIvYXBpLzYxM3NDaTFlUWVV 200
[debug] [2021-05-21T11:51:58.218Z] <<< [apiv2][body] GET https://cloudfunctions.googleapis.com/v1/operations/YXYtbWFpbGVyLTM5NmQ3L2FzaWEtZWFzdDIvYXBpLzYxM3NDaTFlUWVV {"name":"operations/YXYtbWFpbGVyLTM5NmQ3L2FzaWEtZWFzdDIvYXBpLzYxM3NDaTFlUWVV","metadata":{"@type":"type.googleapis.com/google.cloud.functions.v1.OperationMetadataV1","target":"projects/av-mailer-396d7/locations/asia-east2/functions/api","type":"DELETE_FUNCTION","request":{"@type":"type.googleapis.com/google.protobuf.Empty"},"updateTime":"2021-05-21T11:51:54Z"}}
[debug] [2021-05-21T11:51:58.356Z] [update-projects/av-mailer-396d7/locations/asia-east2/functions/sendMails] Retrying task index 0
[debug] [2021-05-21T11:51:58.357Z] >>> [apiv2][query] GET https://cloudfunctions.googleapis.com/v1/operations/YXYtbWFpbGVyLTM5NmQ3L2FzaWEtZWFzdDIvc2VuZE1haWxzL2liYVBYb1F1UjZj [none]
[debug] [2021-05-21T11:51:58.836Z] <<< [apiv2][status] GET https://cloudfunctions.googleapis.com/v1/operations/YXYtbWFpbGVyLTM5NmQ3L2FzaWEtZWFzdDIvc2VuZE1haWxzL2liYVBYb1F1UjZj 200
[debug] [2021-05-21T11:51:58.836Z] <<< [apiv2][body] GET https://cloudfunctions.googleapis.com/v1/operations/YXYtbWFpbGVyLTM5NmQ3L2FzaWEtZWFzdDIvc2VuZE1haWxzL2liYVBYb1F1UjZj {"name":"operations/YXYtbWFpbGVyLTM5NmQ3L2FzaWEtZWFzdDIvc2VuZE1haWxzL2liYVBYb1F1UjZj","metadata":{"@type":"type.googleapis.com/google.cloud.functions.v1.OperationMetadataV1","target":"projects/av-mailer-396d7/locations/asia-east2/functions/sendMails","type":"UPDATE_FUNCTION","request":{"@type":"type.googleapis.com/google.cloud.functions.v1.CloudFunction","name":"projects/av-mailer-396d7/locations/asia-east2/functions/sendMails","eventTrigger":{"eventType":"google.pubsub.topic.publish","resource":"projects/av-mailer-396d7/topics/firebase-schedule-sendMails-asia-east2","service":"pubsub.googleapis.com"},"status":"ACTIVE","entryPoint":"sendMails","timeout":"300s","availableMemoryMb":256,"serviceAccountEmail":"av-mailer-396d7@appspot.gserviceaccount.com","updateTime":"2021-05-21T10:56:54.840Z","versionId":"3","labels":{"deployment-tool":"cli-firebase","deployment-scheduled":"true"},"sourceUploadUrl":"https://storage.googleapis.com/gcf-upload-us-central1-f7f64719-f715-4c0e-b89a-7a9bdcb91e27/78a5d271-660c-4b94-85d9-65723ab43c52.zip?GoogleAccessId=service-76344468913@gcf-admin-robot.iam.gserviceaccount.com&Expires=1621599633&Signature=dT2XLxLsRBtKRoQ1p6ysCb%2F%2BPz%2BMtMbXHgBRlib%2F3ptQbyYo5e6Km90%2FPs3q9Lgbjag2Fi10dHy7Y6BeIY2VFMqQkiaoE%2BphkQujSZD84jFmBBQWoZseTuGo%2BHmj5Qtl1zjc6F%2F7g4%2BasvQ%2BJQ0kKnwAnRITKNhQBIkMNyCyof5%2BdLpaiyPREnsnVSx%2FZxugz2bPgus7YqnazzWCuINjvq2ASTXw1GJCnCNi42DCutwRp0%2BuqlKtjbR0vuEbRo98%2FK7bTYTK1tVIdFRknTqQm4bpPW2b%2BIvzm%2Fch9ZuYXg3ffBb4g78okXEKn7r%2FV47Q63S7Xn7mgqqquthoyNZvfw%3D%3D","environmentVariables":{"FIREBASE_CONFIG":"{\"projectId\":\"av-mailer-396d7\",\"storageBucket\":\"av-mailer-396d7.appspot.com\",\"locationId\":\"asia-south1\"}"},"runtime":"nodejs12","ingressSettings":"ALLOW_ALL","buildId":"0118718d-e27d-4d77-bb5f-db1fd52a45a7"},"versionId":"4","updateTime":"2021-05-21T11:51:55Z","buildName":"projects/76344468913/locations/asia-east1/builds/0118718d-e27d-4d77-bb5f-db1fd52a45a7"}}
[debug] [2021-05-21T11:52:00.221Z] [delete-projects/av-mailer-396d7/locations/asia-east2/functions/api] Retrying task index 0
[debug] [2021-05-21T11:52:00.222Z] >>> [apiv2][query] GET https://cloudfunctions.googleapis.com/v1/operations/YXYtbWFpbGVyLTM5NmQ3L2FzaWEtZWFzdDIvYXBpLzYxM3NDaTFlUWVV [none]
[debug] [2021-05-21T11:52:00.612Z] <<< [apiv2][status] GET https://cloudfunctions.googleapis.com/v1/operations/YXYtbWFpbGVyLTM5NmQ3L2FzaWEtZWFzdDIvYXBpLzYxM3NDaTFlUWVV 200
[debug] [2021-05-21T11:52:00.612Z] <<< [apiv2][body] GET https://cloudfunctions.googleapis.com/v1/operations/YXYtbWFpbGVyLTM5NmQ3L2FzaWEtZWFzdDIvYXBpLzYxM3NDaTFlUWVV {"name":"operations/YXYtbWFpbGVyLTM5NmQ3L2FzaWEtZWFzdDIvYXBpLzYxM3NDaTFlUWVV","metadata":{"@type":"type.googleapis.com/google.cloud.functions.v1.OperationMetadataV1","target":"projects/av-mailer-396d7/locations/asia-east2/functions/api","type":"DELETE_FUNCTION","request":{"@type":"type.googleapis.com/google.protobuf.Empty"},"updateTime":"2021-05-21T11:51:54Z"}}
[debug] [2021-05-21T11:52:00.837Z] [update-projects/av-mailer-396d7/locations/asia-east2/functions/sendMails] Retrying task index 0
[debug] [2021-05-21T11:52:00.839Z] >>> [apiv2][query] GET https://cloudfunctions.googleapis.com/v1/operations/YXYtbWFpbGVyLTM5NmQ3L2FzaWEtZWFzdDIvc2VuZE1haWxzL2liYVBYb1F1UjZj [none]
[debug] [2021-05-21T11:52:01.318Z] <<< [apiv2][status] GET https://cloudfunctions.googleapis.com/v1/operations/YXYtbWFpbGVyLTM5NmQ3L2FzaWEtZWFzdDIvc2VuZE1haWxzL2liYVBYb1F1UjZj 200
[debug] [2021-05-21T11:52:01.318Z] <<< [apiv2][body] GET https://cloudfunctions.googleapis.com/v1/operations/YXYtbWFpbGVyLTM5NmQ3L2FzaWEtZWFzdDIvc2VuZE1haWxzL2liYVBYb1F1UjZj {"name":"operations/YXYtbWFpbGVyLTM5NmQ3L2FzaWEtZWFzdDIvc2VuZE1haWxzL2liYVBYb1F1UjZj","metadata":{"@type":"type.googleapis.com/google.cloud.functions.v1.OperationMetadataV1","target":"projects/av-mailer-396d7/locations/asia-east2/functions/sendMails","type":"UPDATE_FUNCTION","request":{"@type":"type.googleapis.com/google.cloud.functions.v1.CloudFunction","name":"projects/av-mailer-396d7/locations/asia-east2/functions/sendMails","eventTrigger":{"eventType":"google.pubsub.topic.publish","resource":"projects/av-mailer-396d7/topics/firebase-schedule-sendMails-asia-east2","service":"pubsub.googleapis.com"},"status":"ACTIVE","entryPoint":"sendMails","timeout":"300s","availableMemoryMb":256,"serviceAccountEmail":"av-mailer-396d7@appspot.gserviceaccount.com","updateTime":"2021-05-21T10:56:54.840Z","versionId":"3","labels":{"deployment-tool":"cli-firebase","deployment-scheduled":"true"},"sourceUploadUrl":"https://storage.googleapis.com/gcf-upload-us-central1-f7f64719-f715-4c0e-b89a-7a9bdcb91e27/78a5d271-660c-4b94-85d9-65723ab43c52.zip?GoogleAccessId=service-76344468913@gcf-admin-robot.iam.gserviceaccount.com&Expires=1621599633&Signature=dT2XLxLsRBtKRoQ1p6ysCb%2F%2BPz%2BMtMbXHgBRlib%2F3ptQbyYo5e6Km90%2FPs3q9Lgbjag2Fi10dHy7Y6BeIY2VFMqQkiaoE%2BphkQujSZD84jFmBBQWoZseTuGo%2BHmj5Qtl1zjc6F%2F7g4%2BasvQ%2BJQ0kKnwAnRITKNhQBIkMNyCyof5%2BdLpaiyPREnsnVSx%2FZxugz2bPgus7YqnazzWCuINjvq2ASTXw1GJCnCNi42DCutwRp0%2BuqlKtjbR0vuEbRo98%2FK7bTYTK1tVIdFRknTqQm4bpPW2b%2BIvzm%2Fch9ZuYXg3ffBb4g78okXEKn7r%2FV47Q63S7Xn7mgqqquthoyNZvfw%3D%3D","environmentVariables":{"FIREBASE_CONFIG":"{\"projectId\":\"av-mailer-396d7\",\"storageBucket\":\"av-mailer-396d7.appspot.com\",\"locationId\":\"asia-south1\"}"},"runtime":"nodejs12","ingressSettings":"ALLOW_ALL","buildId":"0118718d-e27d-4d77-bb5f-db1fd52a45a7"},"versionId":"4","updateTime":"2021-05-21T11:51:55Z","buildId":"5a97c379-11b2-44d5-9fd8-19572220c89e","buildName":"projects/76344468913/locations/asia-east1/builds/5a97c379-11b2-44d5-9fd8-19572220c89e"}}
[debug] [2021-05-21T11:52:04.616Z] [delete-projects/av-mailer-396d7/locations/asia-east2/functions/api] Retrying task index 0
[debug] [2021-05-21T11:52:04.622Z] >>> [apiv2][query] GET https://cloudfunctions.googleapis.com/v1/operations/YXYtbWFpbGVyLTM5NmQ3L2FzaWEtZWFzdDIvYXBpLzYxM3NDaTFlUWVV [none]
[debug] [2021-05-21T11:52:05.069Z] <<< [apiv2][status] GET https://cloudfunctions.googleapis.com/v1/operations/YXYtbWFpbGVyLTM5NmQ3L2FzaWEtZWFzdDIvYXBpLzYxM3NDaTFlUWVV 200
[debug] [2021-05-21T11:52:05.070Z] <<< [apiv2][body] GET https://cloudfunctions.googleapis.com/v1/operations/YXYtbWFpbGVyLTM5NmQ3L2FzaWEtZWFzdDIvYXBpLzYxM3NDaTFlUWVV {"name":"operations/YXYtbWFpbGVyLTM5NmQ3L2FzaWEtZWFzdDIvYXBpLzYxM3NDaTFlUWVV","metadata":{"@type":"type.googleapis.com/google.cloud.functions.v1.OperationMetadataV1","target":"projects/av-mailer-396d7/locations/asia-east2/functions/api","type":"DELETE_FUNCTION","request":{"@type":"type.googleapis.com/google.protobuf.Empty"},"updateTime":"2021-05-21T11:51:58Z"},"done":true,"response":{"@type":"type.googleapis.com/google.protobuf.Empty"}}
[info] ✔  functions[api(asia-east2)]: Successful delete operation.  
[debug] [2021-05-21T11:52:05.319Z] [update-projects/av-mailer-396d7/locations/asia-east2/functions/sendMails] Retrying task index 0
[debug] [2021-05-21T11:52:05.320Z] >>> [apiv2][query] GET https://cloudfunctions.googleapis.com/v1/operations/YXYtbWFpbGVyLTM5NmQ3L2FzaWEtZWFzdDIvc2VuZE1haWxzL2liYVBYb1F1UjZj [none]
[debug] [2021-05-21T11:52:05.789Z] <<< [apiv2][status] GET https://cloudfunctions.googleapis.com/v1/operations/YXYtbWFpbGVyLTM5NmQ3L2FzaWEtZWFzdDIvc2VuZE1haWxzL2liYVBYb1F1UjZj 200
[debug] [2021-05-21T11:52:05.789Z] <<< [apiv2][body] GET https://cloudfunctions.googleapis.com/v1/operations/YXYtbWFpbGVyLTM5NmQ3L2FzaWEtZWFzdDIvc2VuZE1haWxzL2liYVBYb1F1UjZj {"name":"operations/YXYtbWFpbGVyLTM5NmQ3L2FzaWEtZWFzdDIvc2VuZE1haWxzL2liYVBYb1F1UjZj","metadata":{"@type":"type.googleapis.com/google.cloud.functions.v1.OperationMetadataV1","target":"projects/av-mailer-396d7/locations/asia-east2/functions/sendMails","type":"UPDATE_FUNCTION","request":{"@type":"type.googleapis.com/google.cloud.functions.v1.CloudFunction","name":"projects/av-mailer-396d7/locations/asia-east2/functions/sendMails","eventTrigger":{"eventType":"google.pubsub.topic.publish","resource":"projects/av-mailer-396d7/topics/firebase-schedule-sendMails-asia-east2","service":"pubsub.googleapis.com"},"status":"ACTIVE","entryPoint":"sendMails","timeout":"300s","availableMemoryMb":256,"serviceAccountEmail":"av-mailer-396d7@appspot.gserviceaccount.com","updateTime":"2021-05-21T10:56:54.840Z","versionId":"3","labels":{"deployment-tool":"cli-firebase","deployment-scheduled":"true"},"sourceUploadUrl":"https://storage.googleapis.com/gcf-upload-us-central1-f7f64719-f715-4c0e-b89a-7a9bdcb91e27/78a5d271-660c-4b94-85d9-65723ab43c52.zip?GoogleAccessId=service-76344468913@gcf-admin-robot.iam.gserviceaccount.com&Expires=1621599633&Signature=dT2XLxLsRBtKRoQ1p6ysCb%2F%2BPz%2BMtMbXHgBRlib%2F3ptQbyYo5e6Km90%2FPs3q9Lgbjag2Fi10dHy7Y6BeIY2VFMqQkiaoE%2BphkQujSZD84jFmBBQWoZseTuGo%2BHmj5Qtl1zjc6F%2F7g4%2BasvQ%2BJQ0kKnwAnRITKNhQBIkMNyCyof5%2BdLpaiyPREnsnVSx%2FZxugz2bPgus7YqnazzWCuINjvq2ASTXw1GJCnCNi42DCutwRp0%2BuqlKtjbR0vuEbRo98%2FK7bTYTK1tVIdFRknTqQm4bpPW2b%2BIvzm%2Fch9ZuYXg3ffBb4g78okXEKn7r%2FV47Q63S7Xn7mgqqquthoyNZvfw%3D%3D","environmentVariables":{"FIREBASE_CONFIG":"{\"projectId\":\"av-mailer-396d7\",\"storageBucket\":\"av-mailer-396d7.appspot.com\",\"locationId\":\"asia-south1\"}"},"runtime":"nodejs12","ingressSettings":"ALLOW_ALL","buildId":"0118718d-e27d-4d77-bb5f-db1fd52a45a7"},"versionId":"4","updateTime":"2021-05-21T11:51:55Z","buildId":"5a97c379-11b2-44d5-9fd8-19572220c89e","buildName":"projects/76344468913/locations/asia-east1/builds/5a97c379-11b2-44d5-9fd8-19572220c89e"}}
[debug] [2021-05-21T11:52:13.798Z] [update-projects/av-mailer-396d7/locations/asia-east2/functions/sendMails] Retrying task index 0
[debug] [2021-05-21T11:52:13.799Z] >>> [apiv2][query] GET https://cloudfunctions.googleapis.com/v1/operations/YXYtbWFpbGVyLTM5NmQ3L2FzaWEtZWFzdDIvc2VuZE1haWxzL2liYVBYb1F1UjZj [none]
[debug] [2021-05-21T11:52:14.222Z] <<< [apiv2][status] GET https://cloudfunctions.googleapis.com/v1/operations/YXYtbWFpbGVyLTM5NmQ3L2FzaWEtZWFzdDIvc2VuZE1haWxzL2liYVBYb1F1UjZj 200
[debug] [2021-05-21T11:52:14.222Z] <<< [apiv2][body] GET https://cloudfunctions.googleapis.com/v1/operations/YXYtbWFpbGVyLTM5NmQ3L2FzaWEtZWFzdDIvc2VuZE1haWxzL2liYVBYb1F1UjZj {"name":"operations/YXYtbWFpbGVyLTM5NmQ3L2FzaWEtZWFzdDIvc2VuZE1haWxzL2liYVBYb1F1UjZj","metadata":{"@type":"type.googleapis.com/google.cloud.functions.v1.OperationMetadataV1","target":"projects/av-mailer-396d7/locations/asia-east2/functions/sendMails","type":"UPDATE_FUNCTION","request":{"@type":"type.googleapis.com/google.cloud.functions.v1.CloudFunction","name":"projects/av-mailer-396d7/locations/asia-east2/functions/sendMails","eventTrigger":{"eventType":"google.pubsub.topic.publish","resource":"projects/av-mailer-396d7/topics/firebase-schedule-sendMails-asia-east2","service":"pubsub.googleapis.com"},"status":"ACTIVE","entryPoint":"sendMails","timeout":"300s","availableMemoryMb":256,"serviceAccountEmail":"av-mailer-396d7@appspot.gserviceaccount.com","updateTime":"2021-05-21T10:56:54.840Z","versionId":"3","labels":{"deployment-tool":"cli-firebase","deployment-scheduled":"true"},"sourceUploadUrl":"https://storage.googleapis.com/gcf-upload-us-central1-f7f64719-f715-4c0e-b89a-7a9bdcb91e27/78a5d271-660c-4b94-85d9-65723ab43c52.zip?GoogleAccessId=service-76344468913@gcf-admin-robot.iam.gserviceaccount.com&Expires=1621599633&Signature=dT2XLxLsRBtKRoQ1p6ysCb%2F%2BPz%2BMtMbXHgBRlib%2F3ptQbyYo5e6Km90%2FPs3q9Lgbjag2Fi10dHy7Y6BeIY2VFMqQkiaoE%2BphkQujSZD84jFmBBQWoZseTuGo%2BHmj5Qtl1zjc6F%2F7g4%2BasvQ%2BJQ0kKnwAnRITKNhQBIkMNyCyof5%2BdLpaiyPREnsnVSx%2FZxugz2bPgus7YqnazzWCuINjvq2ASTXw1GJCnCNi42DCutwRp0%2BuqlKtjbR0vuEbRo98%2FK7bTYTK1tVIdFRknTqQm4bpPW2b%2BIvzm%2Fch9ZuYXg3ffBb4g78okXEKn7r%2FV47Q63S7Xn7mgqqquthoyNZvfw%3D%3D","environmentVariables":{"FIREBASE_CONFIG":"{\"projectId\":\"av-mailer-396d7\",\"storageBucket\":\"av-mailer-396d7.appspot.com\",\"locationId\":\"asia-south1\"}"},"runtime":"nodejs12","ingressSettings":"ALLOW_ALL","buildId":"0118718d-e27d-4d77-bb5f-db1fd52a45a7"},"versionId":"4","updateTime":"2021-05-21T11:51:55Z","buildId":"5a97c379-11b2-44d5-9fd8-19572220c89e","buildName":"projects/76344468913/locations/asia-east1/builds/5a97c379-11b2-44d5-9fd8-19572220c89e"}}
[debug] [2021-05-21T11:52:30.238Z] [update-projects/av-mailer-396d7/locations/asia-east2/functions/sendMails] Retrying task index 0
[debug] [2021-05-21T11:52:30.240Z] >>> [apiv2][query] GET https://cloudfunctions.googleapis.com/v1/operations/YXYtbWFpbGVyLTM5NmQ3L2FzaWEtZWFzdDIvc2VuZE1haWxzL2liYVBYb1F1UjZj [none]
[debug] [2021-05-21T11:52:30.762Z] <<< [apiv2][status] GET https://cloudfunctions.googleapis.com/v1/operations/YXYtbWFpbGVyLTM5NmQ3L2FzaWEtZWFzdDIvc2VuZE1haWxzL2liYVBYb1F1UjZj 200
[debug] [2021-05-21T11:52:30.763Z] <<< [apiv2][body] GET https://cloudfunctions.googleapis.com/v1/operations/YXYtbWFpbGVyLTM5NmQ3L2FzaWEtZWFzdDIvc2VuZE1haWxzL2liYVBYb1F1UjZj {"name":"operations/YXYtbWFpbGVyLTM5NmQ3L2FzaWEtZWFzdDIvc2VuZE1haWxzL2liYVBYb1F1UjZj","metadata":{"@type":"type.googleapis.com/google.cloud.functions.v1.OperationMetadataV1","target":"projects/av-mailer-396d7/locations/asia-east2/functions/sendMails","type":"UPDATE_FUNCTION","request":{"@type":"type.googleapis.com/google.cloud.functions.v1.CloudFunction","name":"projects/av-mailer-396d7/locations/asia-east2/functions/sendMails","eventTrigger":{"eventType":"google.pubsub.topic.publish","resource":"projects/av-mailer-396d7/topics/firebase-schedule-sendMails-asia-east2","service":"pubsub.googleapis.com"},"status":"ACTIVE","entryPoint":"sendMails","timeout":"300s","availableMemoryMb":256,"serviceAccountEmail":"av-mailer-396d7@appspot.gserviceaccount.com","updateTime":"2021-05-21T10:56:54.840Z","versionId":"3","labels":{"deployment-tool":"cli-firebase","deployment-scheduled":"true"},"sourceUploadUrl":"https://storage.googleapis.com/gcf-upload-us-central1-f7f64719-f715-4c0e-b89a-7a9bdcb91e27/78a5d271-660c-4b94-85d9-65723ab43c52.zip?GoogleAccessId=service-76344468913@gcf-admin-robot.iam.gserviceaccount.com&Expires=1621599633&Signature=dT2XLxLsRBtKRoQ1p6ysCb%2F%2BPz%2BMtMbXHgBRlib%2F3ptQbyYo5e6Km90%2FPs3q9Lgbjag2Fi10dHy7Y6BeIY2VFMqQkiaoE%2BphkQujSZD84jFmBBQWoZseTuGo%2BHmj5Qtl1zjc6F%2F7g4%2BasvQ%2BJQ0kKnwAnRITKNhQBIkMNyCyof5%2BdLpaiyPREnsnVSx%2FZxugz2bPgus7YqnazzWCuINjvq2ASTXw1GJCnCNi42DCutwRp0%2BuqlKtjbR0vuEbRo98%2FK7bTYTK1tVIdFRknTqQm4bpPW2b%2BIvzm%2Fch9ZuYXg3ffBb4g78okXEKn7r%2FV47Q63S7Xn7mgqqquthoyNZvfw%3D%3D","environmentVariables":{"FIREBASE_CONFIG":"{\"projectId\":\"av-mailer-396d7\",\"storageBucket\":\"av-mailer-396d7.appspot.com\",\"locationId\":\"asia-south1\"}"},"runtime":"nodejs12","ingressSettings":"ALLOW_ALL","buildId":"0118718d-e27d-4d77-bb5f-db1fd52a45a7"},"versionId":"4","updateTime":"2021-05-21T11:51:55Z","buildId":"5a97c379-11b2-44d5-9fd8-19572220c89e","buildName":"projects/76344468913/locations/asia-east1/builds/5a97c379-11b2-44d5-9fd8-19572220c89e"}}
[debug] [2021-05-21T11:53:02.795Z] [update-projects/av-mailer-396d7/locations/asia-east2/functions/sendMails] Retrying task index 0
[debug] [2021-05-21T11:53:02.796Z] >>> [apiv2][query] GET https://cloudfunctions.googleapis.com/v1/operations/YXYtbWFpbGVyLTM5NmQ3L2FzaWEtZWFzdDIvc2VuZE1haWxzL2liYVBYb1F1UjZj [none]
[debug] [2021-05-21T11:53:03.240Z] <<< [apiv2][status] GET https://cloudfunctions.googleapis.com/v1/operations/YXYtbWFpbGVyLTM5NmQ3L2FzaWEtZWFzdDIvc2VuZE1haWxzL2liYVBYb1F1UjZj 200
[debug] [2021-05-21T11:53:03.240Z] <<< [apiv2][body] GET https://cloudfunctions.googleapis.com/v1/operations/YXYtbWFpbGVyLTM5NmQ3L2FzaWEtZWFzdDIvc2VuZE1haWxzL2liYVBYb1F1UjZj {"name":"operations/YXYtbWFpbGVyLTM5NmQ3L2FzaWEtZWFzdDIvc2VuZE1haWxzL2liYVBYb1F1UjZj","metadata":{"@type":"type.googleapis.com/google.cloud.functions.v1.OperationMetadataV1","target":"projects/av-mailer-396d7/locations/asia-east2/functions/sendMails","type":"UPDATE_FUNCTION","request":{"@type":"type.googleapis.com/google.cloud.functions.v1.CloudFunction","name":"projects/av-mailer-396d7/locations/asia-east2/functions/sendMails","eventTrigger":{"eventType":"google.pubsub.topic.publish","resource":"projects/av-mailer-396d7/topics/firebase-schedule-sendMails-asia-east2","service":"pubsub.googleapis.com"},"status":"ACTIVE","entryPoint":"sendMails","timeout":"300s","availableMemoryMb":256,"serviceAccountEmail":"av-mailer-396d7@appspot.gserviceaccount.com","updateTime":"2021-05-21T10:56:54.840Z","versionId":"3","labels":{"deployment-tool":"cli-firebase","deployment-scheduled":"true"},"sourceUploadUrl":"https://storage.googleapis.com/gcf-upload-us-central1-f7f64719-f715-4c0e-b89a-7a9bdcb91e27/78a5d271-660c-4b94-85d9-65723ab43c52.zip?GoogleAccessId=service-76344468913@gcf-admin-robot.iam.gserviceaccount.com&Expires=1621599633&Signature=dT2XLxLsRBtKRoQ1p6ysCb%2F%2BPz%2BMtMbXHgBRlib%2F3ptQbyYo5e6Km90%2FPs3q9Lgbjag2Fi10dHy7Y6BeIY2VFMqQkiaoE%2BphkQujSZD84jFmBBQWoZseTuGo%2BHmj5Qtl1zjc6F%2F7g4%2BasvQ%2BJQ0kKnwAnRITKNhQBIkMNyCyof5%2BdLpaiyPREnsnVSx%2FZxugz2bPgus7YqnazzWCuINjvq2ASTXw1GJCnCNi42DCutwRp0%2BuqlKtjbR0vuEbRo98%2FK7bTYTK1tVIdFRknTqQm4bpPW2b%2BIvzm%2Fch9ZuYXg3ffBb4g78okXEKn7r%2FV47Q63S7Xn7mgqqquthoyNZvfw%3D%3D","environmentVariables":{"FIREBASE_CONFIG":"{\"projectId\":\"av-mailer-396d7\",\"storageBucket\":\"av-mailer-396d7.appspot.com\",\"locationId\":\"asia-south1\"}"},"runtime":"nodejs12","ingressSettings":"ALLOW_ALL","buildId":"0118718d-e27d-4d77-bb5f-db1fd52a45a7"},"versionId":"4","updateTime":"2021-05-21T11:51:55Z","buildId":"5a97c379-11b2-44d5-9fd8-19572220c89e","buildName":"projects/76344468913/locations/asia-east1/builds/5a97c379-11b2-44d5-9fd8-19572220c89e"}}
[debug] [2021-05-21T11:54:03.293Z] [update-projects/av-mailer-396d7/locations/asia-east2/functions/sendMails] Retrying task index 0
[debug] [2021-05-21T11:54:03.295Z] >>> [apiv2][query] GET https://cloudfunctions.googleapis.com/v1/operations/YXYtbWFpbGVyLTM5NmQ3L2FzaWEtZWFzdDIvc2VuZE1haWxzL2liYVBYb1F1UjZj [none]
[debug] [2021-05-21T11:54:03.791Z] <<< [apiv2][status] GET https://cloudfunctions.googleapis.com/v1/operations/YXYtbWFpbGVyLTM5NmQ3L2FzaWEtZWFzdDIvc2VuZE1haWxzL2liYVBYb1F1UjZj 200
[debug] [2021-05-21T11:54:03.791Z] <<< [apiv2][body] GET https://cloudfunctions.googleapis.com/v1/operations/YXYtbWFpbGVyLTM5NmQ3L2FzaWEtZWFzdDIvc2VuZE1haWxzL2liYVBYb1F1UjZj {"name":"operations/YXYtbWFpbGVyLTM5NmQ3L2FzaWEtZWFzdDIvc2VuZE1haWxzL2liYVBYb1F1UjZj","metadata":{"@type":"type.googleapis.com/google.cloud.functions.v1.OperationMetadataV1","target":"projects/av-mailer-396d7/locations/asia-east2/functions/sendMails","type":"UPDATE_FUNCTION","request":{"@type":"type.googleapis.com/google.cloud.functions.v1.CloudFunction","name":"projects/av-mailer-396d7/locations/asia-east2/functions/sendMails","eventTrigger":{"eventType":"google.pubsub.topic.publish","resource":"projects/av-mailer-396d7/topics/firebase-schedule-sendMails-asia-east2","service":"pubsub.googleapis.com"},"status":"ACTIVE","entryPoint":"sendMails","timeout":"300s","availableMemoryMb":256,"serviceAccountEmail":"av-mailer-396d7@appspot.gserviceaccount.com","updateTime":"2021-05-21T10:56:54.840Z","versionId":"3","labels":{"deployment-tool":"cli-firebase","deployment-scheduled":"true"},"sourceUploadUrl":"https://storage.googleapis.com/gcf-upload-us-central1-f7f64719-f715-4c0e-b89a-7a9bdcb91e27/78a5d271-660c-4b94-85d9-65723ab43c52.zip?GoogleAccessId=service-76344468913@gcf-admin-robot.iam.gserviceaccount.com&Expires=1621599633&Signature=dT2XLxLsRBtKRoQ1p6ysCb%2F%2BPz%2BMtMbXHgBRlib%2F3ptQbyYo5e6Km90%2FPs3q9Lgbjag2Fi10dHy7Y6BeIY2VFMqQkiaoE%2BphkQujSZD84jFmBBQWoZseTuGo%2BHmj5Qtl1zjc6F%2F7g4%2BasvQ%2BJQ0kKnwAnRITKNhQBIkMNyCyof5%2BdLpaiyPREnsnVSx%2FZxugz2bPgus7YqnazzWCuINjvq2ASTXw1GJCnCNi42DCutwRp0%2BuqlKtjbR0vuEbRo98%2FK7bTYTK1tVIdFRknTqQm4bpPW2b%2BIvzm%2Fch9ZuYXg3ffBb4g78okXEKn7r%2FV47Q63S7Xn7mgqqquthoyNZvfw%3D%3D","environmentVariables":{"FIREBASE_CONFIG":"{\"projectId\":\"av-mailer-396d7\",\"storageBucket\":\"av-mailer-396d7.appspot.com\",\"locationId\":\"asia-south1\"}"},"runtime":"nodejs12","ingressSettings":"ALLOW_ALL","buildId":"0118718d-e27d-4d77-bb5f-db1fd52a45a7"},"versionId":"4","updateTime":"2021-05-21T11:51:55Z","buildId":"5a97c379-11b2-44d5-9fd8-19572220c89e","sourceToken":"fed190bb-4b38-48b1-a6f1-b90e4b8b109a","buildName":"projects/76344468913/locations/asia-east1/builds/5a97c379-11b2-44d5-9fd8-19572220c89e"}}
[debug] [2021-05-21T11:54:03.791Z] Got sourceToken fed190bb-4b38-48b1-a6f1-b90e4b8b109a for region asia-east2
